<?xml version="1.0" encoding="UTF-8" ?>
<testsuites>
  <testsuite errors="1" failures="0" hostname="GooseDell" id="0" name="Filter" package="org.junit.runner.manipulation" tests="1" time="0.066" timestamp="2014-10-18T21:42:32">
      <properties />

      <testcase classname="org.junit.runner.manipulation.Filter" name="initializationError" time="0.062">
          <error message="No tests found matching grails test target pattern filter from org.junit.runner.Request$1@41c596d9" type="java.lang.Exception">java.lang.Exception: No tests found matching grails test target pattern filter from org.junit.runner.Request$1@41c596d9
</error>

      </testcase>

      <system-out><![CDATA[--Output from initializationError--
]]></system-out>

      <system-err><![CDATA[--Output from initializationError--
]]></system-err>

  </testsuite>
</testsuites>
